# JRE version: OpenJDK Runtime Environment Temurin-17.0.16+8 (17.0.16+8) (build 17.0.16+8)
# Java VM: OpenJDK 64-Bit Server VM Temurin-17.0.16+8 (17.0.16+8, mixed mode, emulated-client, sharing, tiered, compressed oops, compressed class ptrs, g1 gc, bsd-aarch64)
Heap:
 garbage-first heap   total 110592K, used 56148K [0x0000000300800000, 0x0000000480800000)
  region size 4096K, 8 young (32768K), 1 survivors (4096K)
 Metaspace       used 45967K, committed 46464K, reserved 1114112K
  class space    used 6746K, committed 6976K, reserved 1048576K
GC Heap History (18 events):
Event: 0.119 GC heap before
{Heap before GC invocations=0 (full 0):
 garbage-first heap   total 401408K, used 24480K [0x0000000300800000, 0x0000000480800000)
  region size 4096K, 5 young (20480K), 0 survivors (0K)
 Metaspace       used 4520K, committed 4672K, reserved 1114112K
  class space    used 609K, committed 704K, reserved 1048576K
}
Event: 0.120 GC heap after
{Heap after GC invocations=1 (full 0):
 garbage-first heap   total 401408K, used 8346K [0x0000000300800000, 0x0000000480800000)
  region size 4096K, 1 young (4096K), 1 survivors (4096K)
 Metaspace       used 4520K, committed 4672K, reserved 1114112K
  class space    used 609K, committed 704K, reserved 1048576K
}
Event: 0.209 GC heap before
{Heap before GC invocations=1 (full 0):
 garbage-first heap   total 401408K, used 28826K [0x0000000300800000, 0x0000000480800000)
  region size 4096K, 6 young (24576K), 1 survivors (4096K)
 Metaspace       used 8511K, committed 8768K, reserved 1114112K
  class space    used 1280K, committed 1408K, reserved 1048576K
}
Event: 0.210 GC heap after
{Heap after GC invocations=2 (full 0):
 garbage-first heap   total 401408K, used 10066K [0x0000000300800000, 0x0000000480800000)
  region size 4096K, 1 young (4096K), 1 survivors (4096K)
 Metaspace       used 8511K, committed 8768K, reserved 1114112K
  class space    used 1280K, committed 1408K, reserved 1048576K
}
Event: 0.284 GC heap before
{Heap before GC invocations=2 (full 0):
 garbage-first heap   total 401408K, used 51026K [0x0000000300800000, 0x0000000480800000)
  region size 4096K, 11 young (45056K), 1 survivors (4096K)
 Metaspace       used 16368K, committed 16640K, reserved 1114112K
  class space    used 2377K, committed 2496K, reserved 1048576K
}
Event: 0.285 GC heap after
{Heap after GC invocations=3 (full 0):
 garbage-first heap   total 401408K, used 12365K [0x0000000300800000, 0x0000000480800000)
  region size 4096K, 1 young (4096K), 1 survivors (4096K)
 Metaspace       used 16368K, committed 16640K, reserved 1114112K
  class space    used 2377K, committed 2496K, reserved 1048576K
}
Event: 0.393 GC heap before
{Heap before GC invocations=3 (full 0):
 garbage-first heap   total 401408K, used 53325K [0x0000000300800000, 0x0000000480800000)
  region size 4096K, 12 young (49152K), 1 survivors (4096K)
 Metaspace       used 21183K, committed 21504K, reserved 1114112K
  class space    used 3079K, committed 3264K, reserved 1048576K
}
Event: 0.395 GC heap after
{Heap after GC invocations=4 (full 0):
 garbage-first heap   total 401408K, used 15572K [0x0000000300800000, 0x0000000480800000)
  region size 4096K, 2 young (8192K), 2 survivors (8192K)
 Metaspace       used 21183K, committed 21504K, reserved 1114112K
  class space    used 3079K, committed 3264K, reserved 1048576K
}
Event: 0.620 GC heap before
{Heap before GC invocations=5 (full 0):
 garbage-first heap   total 98304K, used 72916K [0x0000000300800000, 0x0000000480800000)
  region size 4096K, 17 young (69632K), 2 survivors (8192K)
 Metaspace       used 29615K, committed 30080K, reserved 1114112K
  class space    used 4328K, committed 4544K, reserved 1048576K
}
Event: 0.623 GC heap after
{Heap after GC invocations=6 (full 0):
 garbage-first heap   total 98304K, used 19770K [0x0000000300800000, 0x0000000480800000)
  region size 4096K, 3 young (12288K), 3 survivors (12288K)
 Metaspace       used 29615K, committed 30080K, reserved 1114112K
  class space    used 4328K, committed 4544K, reserved 1048576K
}
Event: 0.640 GC heap before
{Heap before GC invocations=6 (full 0):
 garbage-first heap   total 98304K, used 23866K [0x0000000300800000, 0x0000000480800000)
  region size 4096K, 4 young (16384K), 3 survivors (12288K)
 Metaspace       used 30372K, committed 30848K, reserved 1114112K
  class space    used 4416K, committed 4608K, reserved 1048576K
}
Event: 0.644 GC heap after
{Heap after GC invocations=7 (full 0):
 garbage-first heap   total 98304K, used 21543K [0x0000000300800000, 0x0000000480800000)
  region size 4096K, 1 young (4096K), 1 survivors (4096K)
 Metaspace       used 30372K, committed 30848K, reserved 1114112K
  class space    used 4416K, committed 4608K, reserved 1048576K
}
Event: 0.823 GC heap before
{Heap before GC invocations=7 (full 0):
 garbage-first heap   total 98304K, used 50215K [0x0000000300800000, 0x0000000480800000)
  region size 4096K, 10 young (40960K), 1 survivors (4096K)
 Metaspace       used 35551K, committed 35968K, reserved 1114112K
  class space    used 5163K, committed 5376K, reserved 1048576K
}
Event: 0.824 GC heap after
{Heap after GC invocations=8 (full 0):
 garbage-first heap   total 163840K, used 22751K [0x0000000300800000, 0x0000000480800000)
  region size 4096K, 1 young (4096K), 1 survivors (4096K)
 Metaspace       used 35551K, committed 35968K, reserved 1114112K
  class space    used 5163K, committed 5376K, reserved 1048576K
}
Event: 1.064 GC heap before
{Heap before GC invocations=9 (full 0):
 garbage-first heap   total 110592K, used 88287K [0x0000000300800000, 0x0000000480800000)
  region size 4096K, 18 young (73728K), 1 survivors (4096K)
 Metaspace       used 42010K, committed 42496K, reserved 1114112K
  class space    used 6190K, committed 6400K, reserved 1048576K
}
Event: 1.066 GC heap after
{Heap after GC invocations=10 (full 0):
 garbage-first heap   total 110592K, used 27031K [0x0000000300800000, 0x0000000480800000)
  region size 4096K, 2 young (8192K), 2 survivors (8192K)
 Metaspace       used 42010K, committed 42496K, reserved 1114112K
  class space    used 6190K, committed 6400K, reserved 1048576K
}
Event: 1.148 GC heap before
{Heap before GC invocations=10 (full 0):
 garbage-first heap   total 110592K, used 31127K [0x0000000300800000, 0x0000000480800000)
  region size 4096K, 3 young (12288K), 2 survivors (8192K)
 Metaspace       used 42232K, committed 42688K, reserved 1114112K
  class space    used 6226K, committed 6464K, reserved 1048576K
}
Event: 1.150 GC heap after
{Heap after GC invocations=11 (full 0):
 garbage-first heap   total 110592K, used 27564K [0x0000000300800000, 0x0000000480800000)
  region size 4096K, 1 young (4096K), 1 survivors (4096K)
 Metaspace       used 42232K, committed 42688K, reserved 1114112K
  class space    used 6226K, committed 6464K, reserved 1048576K
}

